<?xml version="1.0" encoding="UTF-8"?>
<!-- Generated by org.testng.reporters.JUnitReportReporter -->
<testsuite skipped="0" hostname="LAPTOP-DPRMTU75" name="Tests.RequestVerification" tests="5" failures="0" timestamp="18 Jul 2020 15:29:43 GMT" time="12.347" errors="0">
  <testcase name="verifyPatchRequest" time="2.146" classname="Tests.RequestVerification"/>
  <testcase name="VerifyGetRequest" time="4.751" classname="Tests.RequestVerification"/>
  <testcase name="verifyDeleteRequest" time="1.649" classname="Tests.RequestVerification"/>
  <testcase name="verifyPostRawText" time="2.066" classname="Tests.RequestVerification"/>
  <testcase name="verifyPutRequest" time="1.735" classname="Tests.RequestVerification"/>
</testsuite> <!-- Tests.RequestVerification -->
